TN:
SF:src\CreateServer.js
FN:4,(anonymous_0)
FN:14,(anonymous_1)
FN:23,(anonymous_2)
FN:32,(anonymous_3)
FN:41,(anonymous_4)
FN:50,(anonymous_5)
FN:59,(anonymous_6)
FN:68,(anonymous_7)
FN:77,(anonymous_8)
FNF:9
FNH:9
FNDA:8,(anonymous_0)
FNDA:1,(anonymous_1)
FNDA:1,(anonymous_2)
FNDA:1,(anonymous_3)
FNDA:1,(anonymous_4)
FNDA:1,(anonymous_5)
FNDA:1,(anonymous_6)
FNDA:1,(anonymous_7)
FNDA:1,(anonymous_8)
DA:2,1
DA:4,1
DA:5,8
DA:10,8
DA:15,1
DA:16,1
DA:17,1
DA:24,1
DA:25,1
DA:26,1
DA:33,1
DA:34,1
DA:35,1
DA:42,1
DA:43,1
DA:44,1
DA:51,1
DA:52,1
DA:53,1
DA:60,1
DA:61,1
DA:62,1
DA:69,1
DA:70,1
DA:71,1
DA:78,1
DA:79,1
DA:80,1
DA:85,8
DA:88,1
LF:30
LH:30
BRF:0
BRH:0
end_of_record
TN:
SF:src\FigureCalculator.js
FN:4,(anonymous_0)
FN:8,(anonymous_1)
FN:13,(anonymous_2)
FN:22,(anonymous_3)
FN:29,(anonymous_4)
FN:36,(anonymous_5)
FN:43,(anonymous_6)
FNF:7
FNH:7
FNDA:17,(anonymous_0)
FNDA:33,(anonymous_1)
FNDA:31,(anonymous_2)
FNDA:8,(anonymous_3)
FNDA:8,(anonymous_4)
FNDA:9,(anonymous_5)
FNDA:8,(anonymous_6)
DA:5,17
DA:9,33
DA:10,13
DA:13,20
DA:14,31
DA:15,12
DA:19,8
DA:23,8
DA:26,2
DA:30,8
DA:33,2
DA:37,9
DA:40,2
DA:44,8
DA:47,2
DA:51,2
LF:16
LH:16
BRDA:9,0,0,13
BRDA:9,0,1,20
BRDA:14,1,0,12
BRDA:14,1,1,19
BRF:4
BRH:4
end_of_record
TN:
SF:src\MathBasic.js
FN:3,(anonymous_0)
FN:15,(anonymous_1)
FN:19,(anonymous_2)
FN:23,(anonymous_3)
FN:27,(anonymous_4)
FNF:5
FNH:5
FNDA:28,(anonymous_0)
FNDA:17,(anonymous_1)
FNDA:1,(anonymous_2)
FNDA:7,(anonymous_3)
FNDA:3,(anonymous_4)
DA:2,3
DA:4,28
DA:5,4
DA:8,24
DA:10,24
DA:11,3
DA:13,21
DA:16,17
DA:17,10
DA:20,1
DA:21,1
DA:24,7
DA:25,7
DA:28,3
DA:29,3
DA:33,3
LF:16
LH:16
BRDA:4,0,0,4
BRDA:4,0,1,24
BRDA:10,1,0,3
BRDA:10,1,1,21
BRDA:10,2,0,24
BRDA:10,2,1,21
BRF:6
BRH:6
end_of_record
