TN:
SF:src\FigureCalculator.js
FN:4,(anonymous_0)
FN:8,(anonymous_1)
FN:13,(anonymous_2)
FN:22,(anonymous_3)
FN:29,(anonymous_4)
FN:36,(anonymous_5)
FN:43,(anonymous_6)
FNF:7
FNH:7
FNDA:13,(anonymous_0)
FNDA:29,(anonymous_1)
FNDA:22,(anonymous_2)
FNDA:7,(anonymous_3)
FNDA:7,(anonymous_4)
FNDA:8,(anonymous_5)
FNDA:7,(anonymous_6)
DA:5,13
DA:9,29
DA:10,13
DA:13,16
DA:14,22
DA:15,12
DA:19,4
DA:23,7
DA:26,1
DA:30,7
DA:33,1
DA:37,8
DA:40,1
DA:44,7
DA:47,1
DA:51,1
LF:16
LH:16
BRDA:9,0,0,13
BRDA:9,0,1,16
BRDA:14,1,0,12
BRDA:14,1,1,10
BRF:4
BRH:4
end_of_record
TN:
SF:src\MathBasic.js
FN:3,(anonymous_0)
FN:15,(anonymous_1)
FN:19,(anonymous_2)
FN:23,(anonymous_3)
FN:27,(anonymous_4)
FNF:5
FNH:4
FNDA:17,(anonymous_0)
FNDA:13,(anonymous_1)
FNDA:0,(anonymous_2)
FNDA:3,(anonymous_3)
FNDA:1,(anonymous_4)
DA:2,2
DA:4,17
DA:5,4
DA:8,13
DA:10,13
DA:11,3
DA:13,10
DA:16,13
DA:17,6
DA:20,0
DA:21,0
DA:24,3
DA:25,3
DA:28,1
DA:29,1
DA:33,2
LF:16
LH:14
BRDA:4,0,0,4
BRDA:4,0,1,13
BRDA:10,1,0,3
BRDA:10,1,1,10
BRDA:10,2,0,13
BRDA:10,2,1,10
BRF:6
BRH:6
end_of_record
